{
  "RSpec": {
    "coverage": {
      "/home/antonio/dev/projeto/vendas/spec/controllers/produtos_controller_spec.rb": [
        1,
        null,
        1,
        1,
        2,
        null,
        1,
        1,
        null,
        null,
        1,
        1,
        null,
        null,
        null,
        null
      ],
      "/home/antonio/dev/projeto/vendas/spec/rails_helper.rb": [
        null,
        1,
        1,
        null,
        1,
        1,
        1,
        1,
        null,
        null,
        null,
        null,
        null,
        null,
        null,
        null,
        null,
        null,
        null,
        null,
        null,
        null,
        null,
        null,
        null,
        null,
        null,
        1,
        null,
        1,
        1,
        null,
        null,
        null,
        null,
        1,
        null,
        null,
        null,
        null,
        null,
        null,
        null,
        null,
        null,
        null,
        null,
        null,
        null,
        null,
        1,
        null,
        null,
        1,
        null,
        null,
        1,
        1,
        null,
        1,
        null,
        null,
        1,
        1,
        1,
        null,
        1,
        null,
        null,
        null
      ],
      "/home/antonio/dev/projeto/vendas/config/environment.rb": [
        null,
        1,
        null,
        null,
        1
      ],
      "/home/antonio/dev/projeto/vendas/config/application.rb": [
        1,
        null,
        1,
        null,
        1,
        1,
        1,
        1,
        1,
        1,
        1,
        null,
        null,
        null,
        null,
        1,
        null,
        1,
        1,
        null,
        null,
        null,
        null,
        null,
        null,
        null,
        null,
        null,
        null,
        null,
        null,
        null,
        1,
        null,
        null
      ],
      "/home/antonio/dev/projeto/vendas/config/boot.rb": [
        1,
        null,
        1
      ],
      "/home/antonio/dev/projeto/vendas/config/environments/test.rb": [
        1,
        null,
        null,
        null,
        null,
        null,
        null,
        1,
        null,
        null,
        null,
        null,
        1,
        null,
        null,
        1,
        1,
        null,
        null,
        1,
        1,
        null,
        null,
        1,
        null,
        null,
        1,
        null,
        null,
        null,
        null,
        1,
        null,
        null,
        1,
        null,
        null,
        1,
        null,
        null,
        null,
        null
      ],
      "/home/antonio/dev/projeto/vendas/config/initializers/assets.rb": [
        null,
        null,
        null,
        1,
        null,
        null,
        null,
        null,
        null,
        null,
        null
      ],
      "/home/antonio/dev/projeto/vendas/config/initializers/backtrace_silencers.rb": [
        null,
        null,
        null,
        null,
        null,
        null,
        null
      ],
      "/home/antonio/dev/projeto/vendas/config/initializers/cookies_serializer.rb": [
        null,
        null,
        1
      ],
      "/home/antonio/dev/projeto/vendas/config/initializers/filter_parameter_logging.rb": [
        null,
        null,
        null,
        1
      ],
      "/home/antonio/dev/projeto/vendas/config/initializers/inflections.rb": [
        null,
        null,
        null,
        null,
        null,
        null,
        null,
        null,
        null,
        null,
        null,
        null,
        null,
        null,
        null,
        null
      ],
      "/home/antonio/dev/projeto/vendas/config/initializers/mime_types.rb": [
        null,
        null,
        null,
        null
      ],
      "/home/antonio/dev/projeto/vendas/config/initializers/session_store.rb": [
        null,
        null,
        1
      ],
      "/home/antonio/dev/projeto/vendas/config/initializers/simple_form.rb": [
        null,
        1,
        null,
        null,
        null,
        null,
        null,
        1,
        null,
        null,
        null,
        null,
        null,
        null,
        null,
        null,
        null,
        1,
        null,
        null,
        null,
        1,
        null,
        null,
        null,
        null,
        null,
        null,
        null,
        null,
        1,
        null,
        null,
        1,
        null,
        null,
        1,
        null,
        null,
        1,
        null,
        null,
        1,
        1,
        1,
        null,
        null,
        null,
        null,
        null,
        null,
        null,
        null,
        null,
        1,
        null,
        null,
        null,
        null,
        null,
        1,
        null,
        null,
        1,
        null,
        null,
        null,
        null,
        null,
        null,
        null,
        1,
        null,
        null,
        1,
        null,
        null,
        null,
        null,
        null,
        null,
        null,
        null,
        null,
        null,
        null,
        null,
        null,
        null,
        null,
        null,
        null,
        null,
        null,
        null,
        null,
        null,
        null,
        null,
        null,
        null,
        null,
        null,
        null,
        null,
        null,
        null,
        null,
        null,
        null,
        null,
        null,
        null,
        null,
        null,
        null,
        null,
        null,
        null,
        1,
        null,
        null,
        null,
        null,
        null,
        null,
        null,
        null,
        null,
        null,
        null,
        null,
        null,
        null,
        null,
        null,
        null,
        null,
        null,
        null,
        null,
        null,
        null,
        null,
        null,
        null,
        null,
        null,
        null,
        null,
        null,
        null,
        null,
        null,
        null,
        null,
        1,
        null,
        null,
        null,
        null,
        null,
        null,
        null,
        null
      ],
      "/home/antonio/dev/projeto/vendas/config/initializers/simple_form_bootstrap.rb": [
        null,
        1,
        1,
        1,
        1,
        null,
        1,
        1,
        1,
        1,
        1,
        1,
        1,
        1,
        null,
        1,
        1,
        1,
        null,
        null,
        1,
        1,
        1,
        1,
        1,
        1,
        null,
        1,
        1,
        1,
        null,
        null,
        1,
        1,
        1,
        null,
        1,
        1,
        null,
        null,
        1,
        1,
        null,
        null,
        1,
        1,
        1,
        1,
        1,
        1,
        1,
        null,
        null,
        1,
        1,
        1,
        1,
        1,
        1,
        1,
        1,
        null,
        1,
        1,
        1,
        1,
        null,
        null,
        null,
        1,
        1,
        1,
        1,
        1,
        1,
        null,
        1,
        1,
        1,
        1,
        null,
        null,
        null,
        1,
        1,
        1,
        null,
        1,
        1,
        1,
        null,
        null,
        1,
        1,
        null,
        null,
        null,
        1,
        1,
        1,
        null,
        1,
        null,
        1,
        1,
        1,
        1,
        null,
        null,
        null,
        1,
        1,
        1,
        1,
        1,
        1,
        1,
        1,
        null,
        1,
        1,
        1,
        null,
        null,
        1,
        1,
        1,
        1,
        1,
        1,
        1,
        1,
        null,
        null,
        null,
        null,
        null,
        null,
        1,
        1,
        null,
        null,
        null,
        null,
        null,
        null,
        null,
        null,
        null
      ],
      "/home/antonio/dev/projeto/vendas/config/initializers/wrap_parameters.rb": [
        null,
        null,
        null,
        null,
        null,
        null,
        1,
        1,
        null,
        null,
        null,
        null,
        null,
        null
      ],
      "/home/antonio/dev/projeto/vendas/spec/factories/produtos.rb": [
        1,
        1,
        6,
        6,
        6,
        6,
        6,
        6,
        6,
        6,
        6,
        6,
        6,
        6,
        null,
        null
      ],
      "/home/antonio/dev/projeto/vendas/config/routes.rb": [
        1,
        1,
        1,
        null
      ],
      "/home/antonio/dev/projeto/vendas/app/helpers/application_helper.rb": [
        1,
        null
      ],
      "/home/antonio/dev/projeto/vendas/app/helpers/produtos_helper.rb": [
        1,
        null
      ],
      "/home/antonio/dev/projeto/vendas/app/controllers/produtos_controller.rb": [
        1,
        1,
        1,
        null,
        null
      ],
      "/home/antonio/dev/projeto/vendas/app/controllers/application_controller.rb": [
        1,
        null,
        null,
        1,
        null
      ],
      "/home/antonio/dev/projeto/vendas/spec/helpers/produtos_helper_spec.rb": [
        1,
        null,
        null,
        null,
        null,
        null,
        null,
        null,
        null,
        null,
        null,
        null,
        1,
        1,
        null
      ],
      "/home/antonio/dev/projeto/vendas/spec/models/produto_spec.rb": [
        1,
        null,
        1,
        2,
        2,
        2,
        2,
        2,
        2,
        2,
        2,
        2,
        2,
        2,
        2,
        null
      ],
      "/home/antonio/dev/projeto/vendas/app/models/produto.rb": [
        1,
        1,
        null,
        null
      ]
    },
    "timestamp": 1463109001
  }
}
